c:\users\218\source\repos\inha2023\c++\c++\debug\vc143.pdb
c:\users\218\source\repos\inha2023\c++\c++\debug\vc143.idb
c:\users\218\source\repos\inha2023\c++\c++\debug\usestock0.obj
c:\users\218\source\repos\inha2023\c++\c++\debug\student.obj
c:\users\218\source\repos\inha2023\c++\c++\debug\stock20.obj
c:\users\218\source\repos\inha2023\c++\c++\debug\stock00.obj
c:\users\218\source\repos\inha2023\c++\c++\debug\namesp.obj
c:\users\218\source\repos\inha2023\c++\c++\debug\move.obj
c:\users\218\source\repos\inha2023\c++\c++\debug\bankaccount.obj
c:\users\218\source\repos\inha2023\c++\c++\debug\2026_06_08.obj
c:\users\218\source\repos\inha2023\c++\c++\debug\2023_06_12.obj
c:\users\218\source\repos\inha2023\c++\c++\debug\2023_06_07.obj
c:\users\218\source\repos\inha2023\c++\c++\debug\2023_06_05.obj
c:\users\218\source\repos\inha2023\c++\c++\debug\2023_06_02.obj
c:\users\218\source\repos\inha2023\c++\c++\debug\2023_06_01.obj
c:\users\218\source\repos\inha2023\c++\c++\debug\2023_05_26.obj
c:\users\218\source\repos\inha2023\c++\c++\debug\2023_05_25.obj
c:\users\218\source\repos\inha2023\c++\c++\debug\vector3.obj
c:\users\218\source\repos\inha2023\c++\c++\debug\circle2d.obj
c:\users\218\source\repos\inha2023\c++\c++\debug\point.obj
c:\users\218\source\repos\inha2023\c++\c++\debug\2023_06_14.obj
c:\users\218\source\repos\inha2023\c++\c++\debug\stringbad.obj
c:\users\218\source\repos\inha2023\c++\c++\debug\rectangle2d.obj
c:\users\218\source\repos\inha2023\c++\c++\debug\mypoint.obj
c:\users\218\source\repos\inha2023\c++\c++\debug\c++.exe
c:\users\218\source\repos\inha2023\c++\c++\debug\c++.ilk
c:\users\218\source\repos\inha2023\c++\c++\debug\c++.pdb
c:\users\218\source\repos\inha2023\c++\c++\debug\c++.tlog\cl.command.1.tlog
c:\users\218\source\repos\inha2023\c++\c++\debug\c++.tlog\cl.read.1.tlog
c:\users\218\source\repos\inha2023\c++\c++\debug\c++.tlog\cl.write.1.tlog
c:\users\218\source\repos\inha2023\c++\c++\debug\c++.tlog\link.command.1.tlog
c:\users\218\source\repos\inha2023\c++\c++\debug\c++.tlog\link.read.1.tlog
c:\users\218\source\repos\inha2023\c++\c++\debug\c++.tlog\link.write.1.tlog
